<?xml version="1.0" encoding="UTF-8"?>
<testng-results skipped="0" failed="0" ignored="0" total="1" passed="1">
  <reporter-output>
  </reporter-output>
  <suite name="Default suite" duration-ms="22769" started-at="2017-06-05T12:32:02Z" finished-at="2017-06-05T12:32:25Z">
    <groups>
    </groups>
    <test name="Default test" duration-ms="22769" started-at="2017-06-05T12:32:02Z" finished-at="2017-06-05T12:32:25Z">
      <class name="com.tests.OnewayTest">
        <test-method status="PASS" signature="initialise()[pri:0, instance:com.tests.OnewayTest@d62f43]" name="initialise" is-config="true" duration-ms="4737" started-at="2017-06-05T18:02:02Z" finished-at="2017-06-05T18:02:07Z">
          <reporter-output>
          </reporter-output>
        </test-method> <!-- initialise -->
        <test-method status="PASS" signature="loginAndVerifyTitle()[pri:0, instance:com.tests.OnewayTest@d62f43]" name="loginAndVerifyTitle" duration-ms="16717" started-at="2017-06-05T18:02:07Z" finished-at="2017-06-05T18:02:24Z">
          <reporter-output>
          </reporter-output>
        </test-method> <!-- loginAndVerifyTitle -->
        <test-method status="PASS" signature="closeInstance()[pri:0, instance:com.tests.OnewayTest@d62f43]" name="closeInstance" is-config="true" duration-ms="1262" started-at="2017-06-05T18:02:24Z" finished-at="2017-06-05T18:02:25Z">
          <reporter-output>
          </reporter-output>
        </test-method> <!-- closeInstance -->
      </class> <!-- com.tests.OnewayTest -->
    </test> <!-- Default test -->
  </suite> <!-- Default suite -->
</testng-results>
