<?xml version="1.0" encoding="UTF-8"?>
<testng-results skipped="0" failed="0" ignored="0" total="1" passed="1">
  <reporter-output>
  </reporter-output>
  <suite name="Default suite" duration-ms="40623" started-at="2017-06-06T06:16:41Z" finished-at="2017-06-06T06:17:22Z">
    <groups>
    </groups>
    <test name="Default test" duration-ms="40623" started-at="2017-06-06T06:16:41Z" finished-at="2017-06-06T06:17:22Z">
      <class name="com.tests.OnewayTest">
        <test-method status="PASS" signature="initialise()[pri:0, instance:com.tests.OnewayTest@d62f43]" name="initialise" is-config="true" duration-ms="4731" started-at="2017-06-06T11:46:41Z" finished-at="2017-06-06T11:46:46Z">
          <reporter-output>
          </reporter-output>
        </test-method> <!-- initialise -->
        <test-method status="PASS" signature="loginAndVerifyTitle()[pri:0, instance:com.tests.OnewayTest@d62f43]" name="loginAndVerifyTitle" duration-ms="34424" started-at="2017-06-06T11:46:46Z" finished-at="2017-06-06T11:47:20Z">
          <reporter-output>
          </reporter-output>
        </test-method> <!-- loginAndVerifyTitle -->
        <test-method status="PASS" signature="closeInstance()[pri:0, instance:com.tests.OnewayTest@d62f43]" name="closeInstance" is-config="true" duration-ms="1410" started-at="2017-06-06T11:47:21Z" finished-at="2017-06-06T11:47:22Z">
          <reporter-output>
          </reporter-output>
        </test-method> <!-- closeInstance -->
      </class> <!-- com.tests.OnewayTest -->
    </test> <!-- Default test -->
  </suite> <!-- Default suite -->
</testng-results>
